<?xml version="1.0" encoding="UTF-8" ?>
<testsuite tests="4" failures="0" name="cn.wolfcode.rbac.service.test.EmployeeServiceTest" time="1.079" errors="0" skipped="0">
  <properties>
    <property name="java.runtime.name" value="Java(TM) SE Runtime Environment"/>
    <property name="sun.boot.library.path" value="D:\Program Files\Java\jad1.8\jre\bin"/>
    <property name="java.vm.version" value="25.181-b13"/>
    <property name="java.vm.vendor" value="Oracle Corporation"/>
    <property name="maven.multiModuleProjectDirectory" value="C:\Users\小怪兽\Desktop\软件测试实训\演示项目\空项目\rbac"/>
    <property name="java.vendor.url" value="http://java.oracle.com/"/>
    <property name="path.separator" value=";"/>
    <property name="guice.disable.misplaced.annotation.check" value="true"/>
    <property name="java.vm.name" value="Java HotSpot(TM) 64-Bit Server VM"/>
    <property name="file.encoding.pkg" value="sun.io"/>
    <property name="user.script" value=""/>
    <property name="user.country" value="CN"/>
    <property name="sun.java.launcher" value="SUN_STANDARD"/>
    <property name="sun.os.patch.level" value=""/>
    <property name="java.vm.specification.name" value="Java Virtual Machine Specification"/>
    <property name="user.dir" value="C:\Users\小怪兽\Desktop\软件测试实训\演示项目\空项目\rbac"/>
    <property name="java.runtime.version" value="1.8.0_181-b13"/>
    <property name="java.awt.graphicsenv" value="sun.awt.Win32GraphicsEnvironment"/>
    <property name="java.endorsed.dirs" value="D:\Program Files\Java\jad1.8\jre\lib\endorsed"/>
    <property name="os.arch" value="amd64"/>
    <property name="java.io.tmpdir" value="C:\Users\小怪兽\AppData\Local\Temp\"/>
    <property name="line.separator" value="
"/>
    <property name="java.vm.specification.vendor" value="Oracle Corporation"/>
    <property name="user.variant" value=""/>
    <property name="os.name" value="Windows 10"/>
    <property name="classworlds.conf" value="D:\Program Files\JetBrains\IntelliJ IDEA 2019.1.4\plugins\maven\lib\maven3\bin\m2.conf"/>
    <property name="sun.jnu.encoding" value="GBK"/>
    <property name="java.library.path" value="D:\Program Files\Java\jad1.8\bin;C:\WINDOWS\Sun\Java\bin;C:\WINDOWS\system32;C:\WINDOWS;D:\Program Files\JetBrains\IntelliJ IDEA 2019.1.4\jre64\\bin;D:\Program Files\JetBrains\IntelliJ IDEA 2019.1.4\jre64\\bin\server;&quot;C:\Program Files (x86)\Common Files\Oracle\Java\javapath;D:\Program Files\Java\jdk1.7.0_80\bin;D:\Program Files\Java\jdk1.7.0_80\jre\bin;&quot;;C:\WINDOWS\system32;C:\WINDOWS;C:\WINDOWS\System32\Wbem;C:\WINDOWS\System32\WindowsPowerShell\v1.0\;C:\WINDOWS\System32\OpenSSH\;D:\Program Files\Python\Python36\Scripts;D:\Program Files\Python\Python36\;D:\Program Files\mysql\mysql-8.0.19-winx64\bin;C:\Program Files (x86)\Microsoft SQL Server\100\Tools\Binn\;C:\Program Files\Microsoft SQL Server\100\Tools\Binn\;C:\Program Files\Microsoft SQL Server\100\DTS\Binn\;D:\Program Files\Anaconda3;D:\Program Files\Anaconda3\Library\mingw-w64\bin;D:\Program Files\Anaconda3\Library\usr\bin;D:\Program Files\Anaconda3\Library\bin;D:\Program Files\Anaconda3\Scripts;C:\Users\小怪兽\AppData\Local\Microsoft\WindowsApps;D:\Program Files\Microsoft VS Code\bin;;."/>
    <property name="maven.conf" value="D:\Program Files\JetBrains\IntelliJ IDEA 2019.1.4\plugins\maven\lib\maven3/conf"/>
    <property name="java.specification.name" value="Java Platform API Specification"/>
    <property name="java.class.version" value="52.0"/>
    <property name="sun.management.compiler" value="HotSpot 64-Bit Tiered Compilers"/>
    <property name="maven.repo.local" value="D:\Program Files\apache-maven-3.6.1\repository"/>
    <property name="os.version" value="10.0"/>
    <property name="user.home" value="C:\Users\小怪兽"/>
    <property name="user.timezone" value="Asia/Shanghai"/>
    <property name="java.awt.printerjob" value="sun.awt.windows.WPrinterJob"/>
    <property name="java.specification.version" value="1.8"/>
    <property name="file.encoding" value="UTF-8"/>
    <property name="user.name" value="小怪兽"/>
    <property name="java.class.path" value="D:\Program Files\JetBrains\IntelliJ IDEA 2019.1.4\plugins\maven\lib\maven3\boot\plexus-classworlds-2.6.0.jar;D:\Program Files\JetBrains\IntelliJ IDEA 2019.1.4\lib\idea_rt.jar"/>
    <property name="java.vm.specification.version" value="1.8"/>
    <property name="sun.arch.data.model" value="64"/>
    <property name="java.home" value="D:\Program Files\Java\jad1.8\jre"/>
    <property name="sun.java.command" value="org.codehaus.classworlds.Launcher -Didea.version2019.1.4 -s D:\Program Files\apache-maven-3.6.1\conf\settings.xml -Dmaven.repo.local=D:\Program Files\apache-maven-3.6.1\repository tomcat7:deploy"/>
    <property name="java.specification.vendor" value="Oracle Corporation"/>
    <property name="user.language" value="zh"/>
    <property name="idea.version2019.1.4" value="true"/>
    <property name="awt.toolkit" value="sun.awt.windows.WToolkit"/>
    <property name="java.vm.info" value="mixed mode"/>
    <property name="java.version" value="1.8.0_181"/>
    <property name="java.ext.dirs" value="D:\Program Files\Java\jad1.8\jre\lib\ext;C:\WINDOWS\Sun\Java\lib\ext"/>
    <property name="sun.boot.class.path" value="D:\Program Files\Java\jad1.8\jre\lib\resources.jar;D:\Program Files\Java\jad1.8\jre\lib\rt.jar;D:\Program Files\Java\jad1.8\jre\lib\sunrsasign.jar;D:\Program Files\Java\jad1.8\jre\lib\jsse.jar;D:\Program Files\Java\jad1.8\jre\lib\jce.jar;D:\Program Files\Java\jad1.8\jre\lib\charsets.jar;D:\Program Files\Java\jad1.8\jre\lib\jfr.jar;D:\Program Files\Java\jad1.8\jre\classes"/>
    <property name="java.vendor" value="Oracle Corporation"/>
    <property name="maven.home" value="D:\Program Files\JetBrains\IntelliJ IDEA 2019.1.4\plugins\maven\lib\maven3"/>
    <property name="file.separator" value="\"/>
    <property name="java.vendor.url.bug" value="http://bugreport.sun.com/bugreport/"/>
    <property name="sun.cpu.endian" value="little"/>
    <property name="sun.io.unicode.encoding" value="UnicodeLittle"/>
    <property name="sun.desktop" value="windows"/>
    <property name="sun.cpu.isalist" value="amd64"/>
  </properties>
  <testcase classname="cn.wolfcode.rbac.service.test.EmployeeServiceTest" name="delete" time="0.998"/>
  <testcase classname="cn.wolfcode.rbac.service.test.EmployeeServiceTest" name="get" time="0.037"/>
  <testcase classname="cn.wolfcode.rbac.service.test.EmployeeServiceTest" name="listAll" time="0.026"/>
  <testcase classname="cn.wolfcode.rbac.service.test.EmployeeServiceTest" name="saveOrUpdate" time="0.018"/>
</testsuite>